Determining if the pthread_create exist failed with the following output:
Change Dir: /home/leroypc/RM/shit_ws/build/CMakeFiles/CMakeTmp

Run Build Command:/usr/bin/make "cmTryCompileExec3644015143/fast"
/usr/bin/make -f CMakeFiles/cmTryCompileExec3644015143.dir/build.make CMakeFiles/cmTryCompileExec3644015143.dir/build
make[1]: Entering directory `/home/leroypc/RM/shit_ws/build/CMakeFiles/CMakeTmp'
/usr/bin/cmake -E cmake_progress_report /home/leroypc/RM/shit_ws/build/CMakeFiles/CMakeTmp/CMakeFiles 1
Building C object CMakeFiles/cmTryCompileExec3644015143.dir/CheckSymbolExists.c.o
/usr/bin/cc    -o CMakeFiles/cmTryCompileExec3644015143.dir/CheckSymbolExists.c.o   -c /home/leroypc/RM/shit_ws/build/CMakeFiles/CMakeTmp/CheckSymbolExists.c
Linking C executable cmTryCompileExec3644015143
/usr/bin/cmake -E cmake_link_script CMakeFiles/cmTryCompileExec3644015143.dir/link.txt --verbose=1
/usr/bin/cc       CMakeFiles/cmTryCompileExec3644015143.dir/CheckSymbolExists.c.o  -o cmTryCompileExec3644015143 -rdynamic 
CMakeFiles/cmTryCompileExec3644015143.dir/CheckSymbolExists.c.o: In function `main':
CheckSymbolExists.c:(.text+0x16): undefined reference to `pthread_create'
collect2: error: ld returned 1 exit status
make[1]: *** [cmTryCompileExec3644015143] Error 1
make[1]: Leaving directory `/home/leroypc/RM/shit_ws/build/CMakeFiles/CMakeTmp'
make: *** [cmTryCompileExec3644015143/fast] Error 2

File /home/leroypc/RM/shit_ws/build/CMakeFiles/CMakeTmp/CheckSymbolExists.c:
/* */
#include <pthread.h>

int main(int argc, char** argv)
{
  (void)argv;
#ifndef pthread_create
  return ((int*)(&pthread_create))[argc];
#else
  (void)argc;
  return 0;
#endif
}

Determining if the function pthread_create exists in the pthreads failed with the following output:
Change Dir: /home/leroypc/RM/shit_ws/build/CMakeFiles/CMakeTmp

Run Build Command:/usr/bin/make "cmTryCompileExec3541761975/fast"
/usr/bin/make -f CMakeFiles/cmTryCompileExec3541761975.dir/build.make CMakeFiles/cmTryCompileExec3541761975.dir/build
make[1]: Entering directory `/home/leroypc/RM/shit_ws/build/CMakeFiles/CMakeTmp'
/usr/bin/cmake -E cmake_progress_report /home/leroypc/RM/shit_ws/build/CMakeFiles/CMakeTmp/CMakeFiles 1
Building C object CMakeFiles/cmTryCompileExec3541761975.dir/CheckFunctionExists.c.o
/usr/bin/cc   -DCHECK_FUNCTION_EXISTS=pthread_create   -o CMakeFiles/cmTryCompileExec3541761975.dir/CheckFunctionExists.c.o   -c /usr/share/cmake-2.8/Modules/CheckFunctionExists.c
Linking C executable cmTryCompileExec3541761975
/usr/bin/cmake -E cmake_link_script CMakeFiles/cmTryCompileExec3541761975.dir/link.txt --verbose=1
/usr/bin/cc   -DCHECK_FUNCTION_EXISTS=pthread_create    CMakeFiles/cmTryCompileExec3541761975.dir/CheckFunctionExists.c.o  -o cmTryCompileExec3541761975 -rdynamic -lpthreads 
/usr/bin/ld: cannot find -lpthreads
collect2: error: ld returned 1 exit status
make[1]: Leaving directory `/home/leroypc/RM/shit_ws/build/CMakeFiles/CMakeTmp'
make[1]: *** [cmTryCompileExec3541761975] Error 1
make: *** [cmTryCompileExec3541761975/fast] Error 2


